<?xml version="1.0" encoding="UTF-8"?>
<!-- Generated by org.testng.reporters.JUnitReportReporter -->
<testsuite hostname="Virajas-MBP.fios-router.home" failures="0" tests="1" name="com.qa.testcases.FirstTest" time="0.014" errors="0" timestamp="2019-12-13T16:59:37 EST" skipped="0">
  <testcase classname="com.qa.testcases.FirstTest" name="displayTitle" time="0.014"/>
</testsuite> <!-- com.qa.testcases.FirstTest -->
