<?xml version="1.0" encoding="UTF-8"?>
<!-- Generated by org.testng.reporters.JUnitReportReporter -->
<testsuite hostname="Virajas-MBP.fios-router.home" failures="0" tests="2" name="com.qa.testcases.LoginPageTest" time="15.412" errors="0" timestamp="2019-12-13T16:59:37 EST" skipped="0">
  <testcase classname="com.qa.testcases.LoginPageTest" name="validateLoginPageTitle" time="8.081"/>
  <testcase classname="com.qa.testcases.LoginPageTest" name="validateLoginFunction" time="7.331"/>
</testsuite> <!-- com.qa.testcases.LoginPageTest -->
