<?xml version="1.0" encoding="UTF-8"?>
<!-- Generated by org.testng.reporters.JUnitReportReporter -->
<testsuite hostname="Virajas-MBP.fios-router.home" failures="0" tests="2" name="com.qa.testcases.LoginPageTest" time="20.521" errors="0" timestamp="2019-12-13T17:02:13 EST" skipped="0">
  <testcase classname="com.qa.testcases.LoginPageTest" name="validateLoginFunction" time="13.891"/>
  <testcase classname="com.qa.testcases.LoginPageTest" name="validateLoginPageTitle" time="6.630"/>
</testsuite> <!-- com.qa.testcases.LoginPageTest -->
