<?xml version="1.0" encoding="UTF-8"?>
<!-- Generated by org.testng.reporters.JUnitReportReporter -->
<testsuite hostname="Virajas-MBP.fios-router.home" failures="0" tests="1" name="com.qa.testcases.SecondTest" time="6.223" errors="0" timestamp="2019-12-13T17:02:13 EST" skipped="0">
  <testcase classname="com.qa.testcases.SecondTest" name="sampleTest" time="6.223"/>
</testsuite> <!-- com.qa.testcases.SecondTest -->
